<?xml version="1.0" encoding="UTF-8"?>
<!-- Generated by org.testng.reporters.JUnitReportReporter -->
<testsuite hostname="Ishant" failures="0" tests="1" name="Academy.E2EProject.validateNavBar" time="0.149" errors="0" timestamp="11 Feb 2022 08:38:43 GMT" skipped="0">
  <testcase classname="Academy.E2EProject.validateNavBar" name="basePageNavigation" time="0.149"/>
</testsuite> <!-- Academy.E2EProject.validateNavBar -->
