<?xml version="1.0" encoding="UTF-8"?>
<!-- Generated by org.testng.reporters.JUnitReportReporter -->
<testsuite hostname="Ishant" failures="0" tests="1" name="Academy.E2EProject.validatetitle" time="0.114" errors="0" timestamp="11 Feb 2022 08:38:43 GMT" skipped="0">
  <testcase classname="Academy.E2EProject.validatetitle" name="basePageNavigation" time="0.114"/>
</testsuite> <!-- Academy.E2EProject.validatetitle -->
