<?xml version="1.0" encoding="UTF-8"?>
<!-- Generated by org.testng.reporters.JUnitReportReporter -->
<testsuite hostname="Ishant" failures="0" tests="2" name="Academy.E2EProject.HomePage" time="16.833" errors="0" timestamp="11 Feb 2022 08:38:43 GMT" skipped="0">
  <testcase classname="Academy.E2EProject.HomePage" name="basePageNavigation" time="6.498"/>
  <testcase classname="Academy.E2EProject.HomePage" name="basePageNavigation" time="10.335"/>
</testsuite> <!-- Academy.E2EProject.HomePage -->
