<?xml version="1.0" encoding="UTF-8"?>
<!-- Generated by org.testng.reporters.JUnitReportReporter -->
<testsuite skipped="0" hostname="Ishant" name="Academy.E2EProject.HomePage" tests="2" failures="0" timestamp="11 Feb 2022 11:00:51 GMT" time="12.104" errors="0">
  <testcase name="basePageNavigation" time="2.911" classname="Academy.E2EProject.HomePage"/>
  <testcase name="basePageNavigation" time="9.193" classname="Academy.E2EProject.HomePage"/>
</testsuite> <!-- Academy.E2EProject.HomePage -->
