<?xml version="1.0" encoding="UTF-8"?>
<!-- Generated by org.testng.reporters.JUnitReportReporter -->
<testsuite skipped="0" hostname="Ishant" name="Academy.E2EProject.validatetitle" tests="1" failures="0" timestamp="11 Feb 2022 11:00:51 GMT" time="0.088" errors="0">
  <testcase name="basePageNavigation" time="0.088" classname="Academy.E2EProject.validatetitle"/>
</testsuite> <!-- Academy.E2EProject.validatetitle -->
