<?xml version="1.0" encoding="UTF-8"?>
<!-- Generated by org.testng.reporters.JUnitReportReporter -->
<testsuite skipped="0" hostname="Ishant" name="Academy.E2EProject.validateNavBar" tests="1" failures="0" timestamp="11 Feb 2022 11:00:51 GMT" time="0.148" errors="0">
  <testcase name="basePageNavigation" time="0.148" classname="Academy.E2EProject.validateNavBar"/>
</testsuite> <!-- Academy.E2EProject.validateNavBar -->
